HTTP/1.1 302 Found
Started - GET "/fun/" for 0:0:0:0:0:0:0:1%0 at 2013-03-19 15:36:47 -0500
Finished in 32ms

HTTP/1.1 302 Found
Started - GET "/fun/" for 0:0:0:0:0:0:0:1%0 at 2013-03-19 15:37:43 -0500
Finished in 29ms

HTTP/1.1 200 OK
Started - GET "/favicon.ico" for 0:0:0:0:0:0:0:1%0 at 2013-03-19 15:37:43 -0500
Finished in 2ms

HTTP/1.1 302 Found
Started - GET "/fun/?dirty=LOL" for 0:0:0:0:0:0:0:1%0 at 2013-03-19 15:37:45 -0500
Finished in 1ms

HTTP/1.1 200 OK
Started - GET "/fun/?dirty=LOL" for 0:0:0:0:0:0:0:1%0 at 2013-03-19 15:49:38 -0500
Finished in 31ms

HTTP/1.1 200 OK
Started - GET "/favicon.ico" for 0:0:0:0:0:0:0:1%0 at 2013-03-19 15:49:38 -0500
Finished in 7ms

HTTP/1.1 200 OK
Started - GET "/fun/?dirty=shit" for 0:0:0:0:0:0:0:1%0 at 2013-03-19 15:49:41 -0500
Finished in 2ms

HTTP/1.1 200 OK
Started - GET "/fun/?dirty=shit" for 0:0:0:0:0:0:0:1%0 at 2013-03-19 16:07:53 -0500
Finished in 29ms

HTTP/1.1 200 OK
Started - GET "/favicon.ico" for 0:0:0:0:0:0:0:1%0 at 2013-03-19 16:07:53 -0500
Finished in 4ms

HTTP/1.1 200 OK
Started - GET "/fun/?dirty=monkey" for 0:0:0:0:0:0:0:1%0 at 2013-03-19 16:07:57 -0500
Finished in 1ms

HTTP/1.1 200 OK
Started - GET "/fun/?dirty=THIS+THING+SUCKS" for 0:0:0:0:0:0:0:1%0 at 2013-03-19 16:08:01 -0500
Finished in 1ms

HTTP/1.1 200 OK
Started - GET "/fun/?dirty=THIS+THING+SUCKS" for 0:0:0:0:0:0:0:1%0 at 2013-03-19 16:08:52 -0500
Finished in 29ms

HTTP/1.1 200 OK
Started - GET "/favicon.ico" for 0:0:0:0:0:0:0:1%0 at 2013-03-19 16:08:52 -0500
Finished in 3ms

HTTP/1.1 200 OK
Started - GET "/fun/?dirty=DERP" for 0:0:0:0:0:0:0:1%0 at 2013-03-19 16:08:55 -0500
Finished in 1ms

HTTP/1.1 200 OK
Started - GET "/fun/?dirty=Monkey+shit" for 0:0:0:0:0:0:0:1%0 at 2013-03-19 16:08:59 -0500
Finished in 2ms

HTTP/1.1 200 OK
Started - GET "/fun/?dirty=shit" for 0:0:0:0:0:0:0:1%0 at 2013-03-19 16:31:24 -0500
Finished in 30ms

HTTP/1.1 200 OK
Started - GET "/fun/?dirty=fuck" for 0:0:0:0:0:0:0:1%0 at 2013-03-19 16:31:28 -0500
Finished in 1ms

HTTP/1.1 200 OK
Started - GET "/fun/?dirty=fuck" for 0:0:0:0:0:0:0:1%0 at 2013-03-19 16:31:31 -0500
Finished in 1ms

HTTP/1.1 200 OK
Started - GET "/fun/?dirty=fuck" for 0:0:0:0:0:0:0:1%0 at 2013-03-19 16:31:33 -0500
Finished in 2ms

HTTP/1.1 200 OK
Started - GET "/fun/?dirty=shit" for 0:0:0:0:0:0:0:1%0 at 2013-03-19 16:31:36 -0500
Finished in 1ms

HTTP/1.1 200 OK
Started - GET "/fun/?dirty=fuck" for 0:0:0:0:0:0:0:1%0 at 2013-03-19 16:31:38 -0500
Finished in 1ms

HTTP/1.1 200 OK
Started - GET "/fun/?dirty=shitty+ass+stupid+thing" for 0:0:0:0:0:0:0:1%0 at 2013-03-19 16:31:46 -0500
Finished in 2ms

HTTP/1.1 200 OK
Started - GET "/fun/?dirty=assistant" for 0:0:0:0:0:0:0:1%0 at 2013-03-19 16:34:17 -0500
Finished in 2ms

HTTP/1.1 200 OK
Started - GET "/fun/?dirty=ass+assistant" for 0:0:0:0:0:0:0:1%0 at 2013-03-19 16:34:52 -0500
Finished in 1ms

HTTP/1.1 200 OK
Started - GET "/fun/?dirty=ass+shitballs" for 0:0:0:0:0:0:0:1%0 at 2013-03-19 16:35:00 -0500
Finished in 1ms

HTTP/1.1 200 OK
Started - GET "/fun/?dirty=ass+shit" for 0:0:0:0:0:0:0:1%0 at 2013-03-19 16:35:09 -0500
Finished in 2ms

HTTP/1.1 200 OK
Started - GET "/fun/?dirty=ass+ass+ass" for 0:0:0:0:0:0:0:1%0 at 2013-03-19 16:35:14 -0500
Finished in 2ms

HTTP/1.1 200 OK
Started - GET "/fun/?dirty=shit+shit+shit" for 0:0:0:0:0:0:0:1%0 at 2013-03-19 16:36:21 -0500
Finished in 29ms

HTTP/1.1 200 OK
Started - GET "/fun/?dirty=ass+shit+fuck" for 0:0:0:0:0:0:0:1%0 at 2013-03-19 16:36:27 -0500
Finished in 2ms

HTTP/1.1 200 OK
Started - GET "/fun/?dirty=ass+shit+fuck" for 0:0:0:0:0:0:0:1%0 at 2013-03-19 16:37:29 -0500
Finished in 1ms

HTTP/1.1 200 OK
Started - GET "/favicon.ico" for 0:0:0:0:0:0:0:1%0 at 2013-03-19 16:37:29 -0500
Finished in 3ms

HTTP/1.1 200 OK
Started - GET "/fun/?dirty=ass+shit+fuck" for 0:0:0:0:0:0:0:1%0 at 2013-03-19 16:37:30 -0500
Finished in 1ms

HTTP/1.1 200 OK
Started - GET "/favicon.ico" for 0:0:0:0:0:0:0:1%0 at 2013-03-19 16:37:30 -0500
Finished in 2ms

HTTP/1.1 200 OK
Started - GET "/fun/?dirty=ass+shit+fuck" for 0:0:0:0:0:0:0:1%0 at 2013-03-19 16:37:30 -0500
Finished in 1ms

HTTP/1.1 200 OK
Started - GET "/favicon.ico" for 0:0:0:0:0:0:0:1%0 at 2013-03-19 16:37:31 -0500
Finished in 2ms

HTTP/1.1 200 OK
Started - GET "/fun/?dirty=ass+shit+fuck" for 0:0:0:0:0:0:0:1%0 at 2013-03-19 16:37:31 -0500
Finished in 2ms

HTTP/1.1 200 OK
Started - GET "/favicon.ico" for 0:0:0:0:0:0:0:1%0 at 2013-03-19 16:37:31 -0500
Finished in 2ms

HTTP/1.1 200 OK
Started - GET "/fun/?dirty=ass+shit+fuck" for 0:0:0:0:0:0:0:1%0 at 2013-03-19 16:37:31 -0500
Finished in 1ms

HTTP/1.1 200 OK
Started - GET "/favicon.ico" for 0:0:0:0:0:0:0:1%0 at 2013-03-19 16:37:31 -0500
Finished in 2ms

HTTP/1.1 200 OK
Started - GET "/fun/?dirty=ass+shit+fuck" for 0:0:0:0:0:0:0:1%0 at 2013-03-19 16:37:32 -0500
Finished in 2ms

HTTP/1.1 200 OK
Started - GET "/favicon.ico" for 0:0:0:0:0:0:0:1%0 at 2013-03-19 16:37:32 -0500
Finished in 2ms

HTTP/1.1 200 OK
Started - GET "/fun/?dirty=ass+shit+fuck" for 0:0:0:0:0:0:0:1%0 at 2013-03-19 16:37:33 -0500
Finished in 1ms

HTTP/1.1 200 OK
Started - GET "/favicon.ico" for 0:0:0:0:0:0:0:1%0 at 2013-03-19 16:37:33 -0500
Finished in 1ms

HTTP/1.1 200 OK
Started - GET "/fun/?dirty=ass+shit+fuck" for 0:0:0:0:0:0:0:1%0 at 2013-03-19 16:37:33 -0500
Finished in 2ms

HTTP/1.1 200 OK
Started - GET "/favicon.ico" for 0:0:0:0:0:0:0:1%0 at 2013-03-19 16:37:33 -0500
Finished in 1ms

HTTP/1.1 200 OK
Started - GET "/fun/?dirty=ass+shit+fuck" for 0:0:0:0:0:0:0:1%0 at 2013-03-19 16:37:34 -0500
Finished in 1ms

HTTP/1.1 200 OK
Started - GET "/favicon.ico" for 0:0:0:0:0:0:0:1%0 at 2013-03-19 16:37:35 -0500
Finished in 1ms

HTTP/1.1 200 OK
Started - GET "/fun/?dirty=ass+shit+fuck" for 0:0:0:0:0:0:0:1%0 at 2013-03-19 16:37:36 -0500
Finished in 2ms

HTTP/1.1 200 OK
Started - GET "/favicon.ico" for 0:0:0:0:0:0:0:1%0 at 2013-03-19 16:37:36 -0500
Finished in 1ms

HTTP/1.1 200 OK
Started - GET "/fun/?dirty=ass+shit+fuck" for 0:0:0:0:0:0:0:1%0 at 2013-03-19 16:37:36 -0500
Finished in 6ms

HTTP/1.1 200 OK
Started - GET "/favicon.ico" for 0:0:0:0:0:0:0:1%0 at 2013-03-19 16:37:36 -0500
Finished in 1ms

HTTP/1.1 200 OK
Started - GET "/fun/?dirty=ass+shit+fuck" for 0:0:0:0:0:0:0:1%0 at 2013-03-19 16:37:37 -0500
Finished in 1ms

HTTP/1.1 200 OK
Started - GET "/favicon.ico" for 0:0:0:0:0:0:0:1%0 at 2013-03-19 16:37:37 -0500
Finished in 1ms

HTTP/1.1 200 OK
Started - GET "/fun/?dirty=ass+shit+fuck" for 0:0:0:0:0:0:0:1%0 at 2013-03-19 16:37:38 -0500
Finished in 2ms

HTTP/1.1 200 OK
Started - GET "/favicon.ico" for 0:0:0:0:0:0:0:1%0 at 2013-03-19 16:37:38 -0500
Finished in 2ms

